c:\users\lbz\documents\visual studio 2015\projects\consoleapplication2_nb\consoleapplication2\debug\vc140.pdb
c:\users\lbz\documents\visual studio 2015\projects\consoleapplication2_nb\consoleapplication2\debug\vc140.idb
c:\users\lbz\documents\visual studio 2015\projects\consoleapplication2_nb\consoleapplication2\debug\main_app.obj
c:\users\lbz\documents\visual studio 2015\projects\nb_car_prj\consoleapplication2\debug\vc140.pdb
c:\users\lbz\documents\visual studio 2015\projects\bc_smart_car_prj\consoleapplication2\debug\vc140.pdb
c:\users\lbz\documents\visual studio 2015\projects\bc_smart_car_prj\consoleapplication2\debug\vc140.idb
c:\users\lbz\documents\visual studio 2015\projects\bc_smart_car_prj\consoleapplication2\debug\bc_car.obj
c:\users\lbz\documents\visual studio 2015\projects\bc_smart_car_prj\consoleapplication2\debug\bc_log.obj
c:\users\lbz\documents\visual studio 2015\projects\bc_smart_car_prj\consoleapplication2\debug\bc_net.obj
c:\users\lbz\documents\visual studio 2015\projects\bc_smart_car_prj\consoleapplication2\debug\main.obj
c:\users\lbz\documents\visual studio 2015\projects\consoleapplication2_nb\debug\consoleapplication2.ilk
c:\users\lbz\documents\visual studio 2015\projects\consoleapplication2_nb\debug\consoleapplication2.exe
c:\users\lbz\documents\visual studio 2015\projects\consoleapplication2_nb\debug\consoleapplication2.pdb
c:\users\lbz\documents\visual studio 2015\projects\nb_car_prj\debug\consoleapplication2.ilk
c:\users\lbz\documents\visual studio 2015\projects\nb_car_prj\debug\consoleapplication2.exe
c:\users\lbz\documents\visual studio 2015\projects\nb_car_prj\debug\consoleapplication2.pdb
c:\users\lbz\documents\visual studio 2015\projects\bc_smart_car_prj\debug\consoleapplication2.ilk
c:\users\lbz\documents\visual studio 2015\projects\bc_smart_car_prj\debug\consoleapplication2.exe
c:\users\lbz\documents\visual studio 2015\projects\bc_smart_car_prj\debug\consoleapplication2.pdb
c:\users\lbz\documents\visual studio 2015\projects\bc_smart_car_prj\consoleapplication2\debug\consoleapplication2.res
c:\users\lbz\documents\visual studio 2015\projects\bc_smart_car_prj\consoleapplication2\debug\main_app.obj
c:\users\lbz\documents\visual studio 2015\projects\bc_smart_car_prj\consoleapplication2\debug\nb_car.obj
c:\users\lbz\documents\visual studio 2015\projects\bc_smart_car_prj\consoleapplication2\debug\nb_log.obj
c:\users\lbz\documents\visual studio 2015\projects\bc_smart_car_prj\consoleapplication2\debug\nb_net.obj
c:\users\lbz\documents\visual studio 2015\projects\bc_smart_car_prj\consoleapplication2\debug\源.obj
c:\users\lbz\documents\visual studio 2015\projects\bc_smart_car_prj\consoleapplication2\debug\consolea.49fea5f5.tlog\cl.command.1.tlog
c:\users\lbz\documents\visual studio 2015\projects\bc_smart_car_prj\consoleapplication2\debug\consolea.49fea5f5.tlog\cl.read.1.tlog
c:\users\lbz\documents\visual studio 2015\projects\bc_smart_car_prj\consoleapplication2\debug\consolea.49fea5f5.tlog\cl.write.1.tlog
c:\users\lbz\documents\visual studio 2015\projects\bc_smart_car_prj\consoleapplication2\debug\consolea.49fea5f5.tlog\link.command.1.tlog
c:\users\lbz\documents\visual studio 2015\projects\bc_smart_car_prj\consoleapplication2\debug\consolea.49fea5f5.tlog\link.read.1.tlog
c:\users\lbz\documents\visual studio 2015\projects\bc_smart_car_prj\consoleapplication2\debug\consolea.49fea5f5.tlog\link.write.1.tlog
c:\users\lbz\documents\visual studio 2015\projects\bc_smart_car_prj\consoleapplication2\debug\consolea.49fea5f5.tlog\rc.command.1.tlog
c:\users\lbz\documents\visual studio 2015\projects\bc_smart_car_prj\consoleapplication2\debug\consolea.49fea5f5.tlog\rc.read.1.tlog
c:\users\lbz\documents\visual studio 2015\projects\bc_smart_car_prj\consoleapplication2\debug\consolea.49fea5f5.tlog\rc.write.1.tlog
